<?xml version="1.0" encoding="UTF-8"?>
<testsuite xmlns:xsi="http://www.w3.org/2001/XMLSchema-instance" xsi:noNamespaceSchemaLocation="https://maven.apache.org/surefire/maven-surefire-plugin/xsd/surefire-test-report-3.0.xsd" version="3.0" name="ec.edu.espe.arquitectura.wsusuarios.WsUsuariosApplicationTests" time="18.904" tests="1" errors="0" skipped="0" failures="0">
  <properties>
[...]
</properties>
  <testcase name="contextLoads" classname="ec.edu.espe.arquitectura.wsusuarios.WsUsuariosApplicationTests" time="0.808">
    <system-out><![CDATA[15:00:46.988 [main] INFO org.springframework.test.context.support.AnnotationConfigContextLoaderUtils -- Could not detect default configuration classes for test class [ec.edu.espe.arquitectura.wsusuarios.WsUsuariosApplicationTests]: WsUsuariosApplicationTests does not declare any static, non-private, non-final, nested classes annotated with @Configuration.
15:00:47.400 [main] INFO org.springframework.boot.test.context.SpringBootTestContextBootstrapper -- Found @SpringBootConfiguration ec.edu.espe.arquitectura.wsusuarios.WsUsuariosApplication for test class ec.edu.espe.arquitectura.wsusuarios.WsUsuariosApplicationTests

  .   ____          _            __ _ _
 /\\ / ___'_ __ _ _(_)_ __  __ _ \ \ \ \
( ( )\___ | '_ | '_| | '_ \/ _` | \ \ \ \
 \\/  ___)| |_)| | | | | || (_| |  ) ) ) )
  '  |____| .__|_| |_|_| |_\__, | / / / /
 =========|_|==============|___/=/_/_/_/
 :: Spring Boot ::                (v3.1.1)

2023-08-21T15:00:49.377-05:00  INFO 31228 --- [           main] e.e.e.a.w.WsUsuariosApplicationTests     : Starting WsUsuariosApplicationTests using Java 17.0.7 with PID 31228 (started by Admin in c:\Users\Admin\Documents\GitHub\PaginaWeb\myfirstreactapp\banquito-ws-clientes)
2023-08-21T15:00:49.381-05:00  INFO 31228 --- [           main] e.e.e.a.w.WsUsuariosApplicationTests     : No active profile set, falling back to 1 default profile: "default"
2023-08-21T15:00:50.907-05:00  INFO 31228 --- [           main] .s.d.r.c.RepositoryConfigurationDelegate : Bootstrapping Spring Data JPA repositories in DEFAULT mode.
2023-08-21T15:00:51.164-05:00  INFO 31228 --- [           main] .s.d.r.c.RepositoryConfigurationDelegate : Finished Spring Data repository scanning in 233 ms. Found 6 JPA repository interfaces.
2023-08-21T15:00:52.449-05:00  INFO 31228 --- [           main] com.zaxxer.hikari.HikariDataSource       : HikariPool-1 - Starting...
2023-08-21T15:00:54.545-05:00  INFO 31228 --- [           main] com.zaxxer.hikari.pool.HikariPool        : HikariPool-1 - Added connection org.postgresql.jdbc.PgConnection@196624bf
2023-08-21T15:00:54.550-05:00  INFO 31228 --- [           main] com.zaxxer.hikari.HikariDataSource       : HikariPool-1 - Start completed.
2023-08-21T15:00:54.686-05:00  INFO 31228 --- [           main] o.hibernate.jpa.internal.util.LogHelper  : HHH000204: Processing PersistenceUnitInfo [name: default]
2023-08-21T15:00:54.779-05:00  INFO 31228 --- [           main] org.hibernate.Version                    : HHH000412: Hibernate ORM core version 6.2.5.Final
2023-08-21T15:00:54.785-05:00  INFO 31228 --- [           main] org.hibernate.cfg.Environment            : HHH000406: Using bytecode reflection optimizer
2023-08-21T15:00:55.095-05:00  INFO 31228 --- [           main] o.h.b.i.BytecodeProviderInitiator        : HHH000021: Bytecode provider name : bytebuddy
2023-08-21T15:00:55.333-05:00  INFO 31228 --- [           main] o.s.o.j.p.SpringPersistenceUnitInfo      : No LoadTimeWeaver setup: ignoring JPA class transformer
2023-08-21T15:00:56.399-05:00  INFO 31228 --- [           main] o.h.b.i.BytecodeProviderInitiator        : HHH000021: Bytecode provider name : bytebuddy
2023-08-21T15:00:57.521-05:00  INFO 31228 --- [           main] o.h.e.t.j.p.i.JtaPlatformInitiator       : HHH000490: Using JtaPlatform implementation: [org.hibernate.engine.transaction.jta.platform.internal.NoJtaPlatform]
Hibernate: alter table if exists customer alter column activation_date set data type timestamp(6)
Hibernate: alter table if exists customer alter column closed_date set data type timestamp(6)
Hibernate: alter table if exists customer alter column creation_date set data type timestamp(6)
Hibernate: alter table if exists customer alter column last_modified_date set data type timestamp(6)
Hibernate: alter table if exists customer alter column version set data type bigint
Hibernate: alter table if exists customer_address alter column latitude set data type float4
Hibernate: alter table if exists customer_address alter column location_id set data type varchar(255)
Hibernate: alter table if exists customer_address alter column longitude set data type float4
Hibernate: alter table if exists customer_address alter column version set data type bigint
Hibernate: alter table if exists customer_phone alter column version set data type bigint
Hibernate: alter table if exists group_company alter column activation_date set data type timestamp(6)
Hibernate: alter table if exists group_company alter column closed_date set data type timestamp(6)
Hibernate: alter table if exists group_company alter column creation_date set data type timestamp(6)
Hibernate: alter table if exists group_company alter column last_modified_date set data type timestamp(6)
Hibernate: alter table if exists group_company alter column latitude set data type float4
Hibernate: alter table if exists group_company alter column longitude set data type float4
Hibernate: alter table if exists group_company alter column version set data type bigint
Hibernate: alter table if exists group_company_member alter column creation_date set data type timestamp(6)
Hibernate: alter table if exists group_company_member alter column last_modified_date set data type timestamp(6)
Hibernate: alter table if exists group_company_member alter column version set data type bigint
Hibernate: alter table if exists group_role alter column version set data type bigint
2023-08-21T15:01:02.184-05:00  INFO 31228 --- [           main] j.LocalContainerEntityManagerFactoryBean : Initialized JPA EntityManagerFactory for persistence unit 'default'
2023-08-21T15:01:03.843-05:00  WARN 31228 --- [           main] JpaBaseConfiguration$JpaWebConfiguration : spring.jpa.open-in-view is enabled by default. Therefore, database queries may be performed during view rendering. Explicitly configure spring.jpa.open-in-view to disable this warning
2023-08-21T15:01:04.639-05:00  INFO 31228 --- [           main] e.e.e.a.w.WsUsuariosApplicationTests     : Started WsUsuariosApplicationTests in 16.181 seconds (process running for 19.324)
]]></system-out>
  </testcase>
</testsuite>